[debug] [2020-06-25T01:28:14.327Z] ----------------------------------------------------------------------
[debug] [2020-06-25T01:28:14.329Z] Command:       /usr/local/bin/node /usr/local/bin/firebase init
[debug] [2020-06-25T01:28:14.329Z] CLI Version:   8.4.1
[debug] [2020-06-25T01:28:14.329Z] Platform:      darwin
[debug] [2020-06-25T01:28:14.329Z] Node Version:  v13.10.1
[debug] [2020-06-25T01:28:14.330Z] Time:          Wed Jun 24 2020 20:28:14 GMT-0500 (Central Daylight Time)
[debug] [2020-06-25T01:28:14.331Z] ----------------------------------------------------------------------
[debug] [2020-06-25T01:28:14.331Z] 
[debug] [2020-06-25T01:28:14.336Z] > command requires scopes: ["email","openid","https://www.googleapis.com/auth/cloudplatformprojects.readonly","https://www.googleapis.com/auth/firebase","https://www.googleapis.com/auth/cloud-platform"]
[debug] [2020-06-25T01:28:14.337Z] > authorizing via signed-in user
[info] 
     ######## #### ########  ######## ########     ###     ######  ########
     ##        ##  ##     ## ##       ##     ##  ##   ##  ##       ##
     ######    ##  ########  ######   ########  #########  ######  ######
     ##        ##  ##    ##  ##       ##     ## ##     ##       ## ##
     ##       #### ##     ## ######## ########  ##     ##  ######  ########

You're about to initialize a Firebase project in this directory:

  /Users/ketanmalik/Downloads/React-Projects/tetris-game

Before we get started, keep in mind:

  * You are initializing in an existing Firebase project directory

[info] 
=== Project Setup
[info] 
[info] First, let's associate this project directory with a Firebase project.
[info] You can create multiple project aliases by running firebase use --add, 
[info] but for now we'll just set up a default project.
[info] 
[info] i  .firebaserc already has a default project, using the-tetris-game. 
[debug] [2020-06-25T01:28:16.160Z] >>> HTTP REQUEST GET https://firebase.googleapis.com/v1beta1/projects/the-tetris-game  
 
[debug] [2020-06-25T01:28:29.732Z] ----------------------------------------------------------------------
[debug] [2020-06-25T01:28:29.734Z] Command:       /usr/local/bin/node /usr/local/bin/firebase init
[debug] [2020-06-25T01:28:29.734Z] CLI Version:   8.4.1
[debug] [2020-06-25T01:28:29.734Z] Platform:      darwin
[debug] [2020-06-25T01:28:29.734Z] Node Version:  v13.10.1
[debug] [2020-06-25T01:28:29.735Z] Time:          Wed Jun 24 2020 20:28:29 GMT-0500 (Central Daylight Time)
[debug] [2020-06-25T01:28:29.735Z] ----------------------------------------------------------------------
[debug] [2020-06-25T01:28:29.735Z] 
[debug] [2020-06-25T01:28:29.741Z] > command requires scopes: ["email","openid","https://www.googleapis.com/auth/cloudplatformprojects.readonly","https://www.googleapis.com/auth/firebase","https://www.googleapis.com/auth/cloud-platform"]
[debug] [2020-06-25T01:28:29.742Z] > authorizing via signed-in user
[info] 
     ######## #### ########  ######## ########     ###     ######  ########
     ##        ##  ##     ## ##       ##     ##  ##   ##  ##       ##
     ######    ##  ########  ######   ########  #########  ######  ######
     ##        ##  ##    ##  ##       ##     ## ##     ##       ## ##
     ##       #### ##     ## ######## ########  ##     ##  ######  ########

You're about to initialize a Firebase project in this directory:

  /Users/ketanmalik/Downloads/React-Projects/tetris-game

Before we get started, keep in mind:

  * You are initializing in an existing Firebase project directory

[info] 
=== Project Setup
[info] 
[info] First, let's associate this project directory with a Firebase project.
[info] You can create multiple project aliases by running firebase use --add, 
[info] but for now we'll just set up a default project.
[info] 
[info] i  .firebaserc already has a default project, using the-tetris-game. 
[debug] [2020-06-25T01:28:31.500Z] >>> HTTP REQUEST GET https://firebase.googleapis.com/v1beta1/projects/the-tetris-game  
 
[debug] [2020-06-25T01:28:53.436Z] ----------------------------------------------------------------------
[debug] [2020-06-25T01:28:53.437Z] Command:       /usr/local/bin/node /usr/local/bin/firebase init
[debug] [2020-06-25T01:28:53.438Z] CLI Version:   8.4.1
[debug] [2020-06-25T01:28:53.438Z] Platform:      darwin
[debug] [2020-06-25T01:28:53.438Z] Node Version:  v13.10.1
[debug] [2020-06-25T01:28:53.439Z] Time:          Wed Jun 24 2020 20:28:53 GMT-0500 (Central Daylight Time)
[debug] [2020-06-25T01:28:53.439Z] ----------------------------------------------------------------------
[debug] [2020-06-25T01:28:53.439Z] 
[debug] [2020-06-25T01:28:53.445Z] > command requires scopes: ["email","openid","https://www.googleapis.com/auth/cloudplatformprojects.readonly","https://www.googleapis.com/auth/firebase","https://www.googleapis.com/auth/cloud-platform"]
[debug] [2020-06-25T01:28:53.445Z] > authorizing via signed-in user
[info] 
     ######## #### ########  ######## ########     ###     ######  ########
     ##        ##  ##     ## ##       ##     ##  ##   ##  ##       ##
     ######    ##  ########  ######   ########  #########  ######  ######
     ##        ##  ##    ##  ##       ##     ## ##     ##       ## ##
     ##       #### ##     ## ######## ########  ##     ##  ######  ########

You're about to initialize a Firebase project in this directory:

  /Users/ketanmalik/Downloads/React-Projects/tetris-game

Before we get started, keep in mind:

  * You are initializing in an existing Firebase project directory

[info] 
=== Project Setup
[info] 
[info] First, let's associate this project directory with a Firebase project.
[info] You can create multiple project aliases by running firebase use --add, 
[info] but for now we'll just set up a default project.
[info] 
[info] i  .firebaserc already has a default project, using the-tetris-game. 
[debug] [2020-06-25T01:28:55.173Z] >>> HTTP REQUEST GET https://firebase.googleapis.com/v1beta1/projects/the-tetris-game  
 
[debug] [2020-06-25T01:29:06.588Z] <<< HTTP RESPONSE 200 {"content-type":"application/json; charset=UTF-8","vary":"X-Origin, Referer, Origin,Accept-Encoding","date":"Thu, 25 Jun 2020 01:29:06 GMT","server":"ESF","cache-control":"private","x-xss-protection":"0","x-frame-options":"SAMEORIGIN","x-content-type-options":"nosniff","alt-svc":"h3-28=\":443\"; ma=2592000,h3-27=\":443\"; ma=2592000,h3-25=\":443\"; ma=2592000,h3-T050=\":443\"; ma=2592000,h3-Q050=\":443\"; ma=2592000,h3-Q049=\":443\"; ma=2592000,h3-Q048=\":443\"; ma=2592000,h3-Q046=\":443\"; ma=2592000,h3-Q043=\":443\"; ma=2592000,quic=\":443\"; ma=2592000; v=\"46,43\"","accept-ranges":"none","transfer-encoding":"chunked"}
[info] 
=== Hosting Setup
[info] 
[info] Your public directory is the folder (relative to your project directory) that
[info] will contain Hosting assets to be uploaded with firebase deploy. If you
[info] have a build process for your assets, use your build's output directory.
[info] 
